[ 2026-03-04 17:59:07,142 ] 19 root - INFO - Initiate the data ingestion
[ 2026-03-04 17:59:07,186 ] 77 root - INFO - Performed train test split on the dataframe
[ 2026-03-04 17:59:07,186 ] 79 root - INFO - Exited split_data_as_train_test method of Data_Ingestion class
[ 2026-03-04 17:59:07,189 ] 87 root - INFO - Exporting train and test file path.
[ 2026-03-04 17:59:07,268 ] 96 root - INFO - Exported train and test file path.
[ 2026-03-04 17:59:07,268 ] 21 root - INFO - Data Initiation Completed
[ 2026-03-04 17:59:07,289 ] 27 root - INFO - Initiate the data Validation
[ 2026-03-04 17:59:07,320 ] 32 root - INFO - Required number of columns:2
[ 2026-03-04 17:59:07,320 ] 33 root - INFO - Data frame has columns:31
[ 2026-03-04 17:59:07,320 ] 32 root - INFO - Required number of columns:2
[ 2026-03-04 17:59:07,320 ] 33 root - INFO - Data frame has columns:31
[ 2026-03-04 17:59:07,456 ] 29 root - INFO - data Validation Completed
[ 2026-03-04 17:59:07,456 ] 33 root - INFO - data Transformation started
[ 2026-03-04 17:59:07,456 ] 64 root - INFO - Entered initiate_data_transformation method of DataTransformation class
[ 2026-03-04 17:59:07,456 ] 66 root - INFO - Starting data transformation
[ 2026-03-04 17:59:07,484 ] 49 root - INFO - Entered get_data_trnasformer_object method of Trnasformation class
[ 2026-03-04 17:59:07,484 ] 54 root - INFO - Initialise KNNImputer with {'missing_values': nan, 'n_neighbors': 3, 'weights': 'uniform'}
[ 2026-03-04 17:59:07,500 ] 47 root - INFO - Entered the save_object method of MainUtils class
[ 2026-03-04 17:59:07,500 ] 51 root - INFO - Exited the save_object method of MainUtils class
[ 2026-03-04 17:59:07,500 ] 47 root - INFO - Entered the save_object method of MainUtils class
[ 2026-03-04 17:59:07,500 ] 51 root - INFO - Exited the save_object method of MainUtils class
[ 2026-03-04 17:59:07,500 ] 37 root - INFO - data Transformation completed
