[ 2026-03-10 19:20:22,909 ] 1025 httpx - INFO - HTTP Request: GET https://dagshub.com/api/v1/user "HTTP/1.1 200 OK"
[ 2026-03-10 19:20:22,942 ] 107 dagshub - INFO - Accessing as SmilerKZ
[ 2026-03-10 19:20:23,828 ] 1025 httpx - INFO - HTTP Request: GET https://dagshub.com/api/v1/repos/SmilerKZ/NetworkSecurity "HTTP/1.1 200 OK"
[ 2026-03-10 19:20:24,591 ] 1025 httpx - INFO - HTTP Request: GET https://dagshub.com/api/v1/user "HTTP/1.1 200 OK"
[ 2026-03-10 19:20:24,591 ] 107 dagshub - INFO - Initialized MLflow to track repo "SmilerKZ/NetworkSecurity"
[ 2026-03-10 19:20:24,591 ] 107 dagshub - INFO - Repository SmilerKZ/NetworkSecurity initialized!
[ 2026-03-10 19:20:24,748 ] 40 root - INFO - Start data Ingestion
[ 2026-03-10 19:20:30,604 ] 77 root - INFO - Performed train test split on the dataframe
[ 2026-03-10 19:20:30,604 ] 79 root - INFO - Exited split_data_as_train_test method of Data_Ingestion class
[ 2026-03-10 19:20:30,604 ] 87 root - INFO - Exporting train and test file path.
[ 2026-03-10 19:20:30,907 ] 96 root - INFO - Exported train and test file path.
[ 2026-03-10 19:20:30,907 ] 43 root - INFO - Data Ingestion completed and artifact: DataIngestionArtifact(trained_file_path='Artifacts\\03_10_2026_19_20_09\\data_ingestion\\ingested\\train.csv', test_file_path='Artifacts\\03_10_2026_19_20_09\\data_ingestion\\ingested\\test.csv')
[ 2026-03-10 19:20:30,937 ] 54 root - INFO - Initiate the data Validation
[ 2026-03-10 19:20:31,034 ] 32 root - INFO - Required number of columns:2
[ 2026-03-10 19:20:31,034 ] 33 root - INFO - Data frame has columns:31
[ 2026-03-10 19:20:31,034 ] 32 root - INFO - Required number of columns:2
[ 2026-03-10 19:20:31,034 ] 33 root - INFO - Data frame has columns:31
[ 2026-03-10 19:20:31,711 ] 56 root - INFO - data Validation Completed
[ 2026-03-10 19:20:31,711 ] 66 root - INFO - data Transformation started
[ 2026-03-10 19:20:31,711 ] 64 root - INFO - Entered initiate_data_transformation method of DataTransformation class
[ 2026-03-10 19:20:31,711 ] 66 root - INFO - Starting data transformation
[ 2026-03-10 19:20:31,810 ] 49 root - INFO - Entered get_data_trnasformer_object method of Trnasformation class
[ 2026-03-10 19:20:31,810 ] 54 root - INFO - Initialise KNNImputer with {'missing_values': nan, 'n_neighbors': 3, 'weights': 'uniform'}
[ 2026-03-10 19:20:31,872 ] 47 root - INFO - Entered the save_object method of MainUtils class
[ 2026-03-10 19:20:31,876 ] 51 root - INFO - Exited the save_object method of MainUtils class
[ 2026-03-10 19:20:31,876 ] 47 root - INFO - Entered the save_object method of MainUtils class
[ 2026-03-10 19:20:31,889 ] 51 root - INFO - Exited the save_object method of MainUtils class
[ 2026-03-10 19:20:31,892 ] 68 root - INFO - data Transformation completed
[ 2026-03-10 19:20:31,894 ] 85 root - INFO - Model Training sstared
[ 2026-03-10 19:28:56,066 ] 47 root - INFO - Entered the save_object method of MainUtils class
[ 2026-03-10 19:28:56,067 ] 51 root - INFO - Exited the save_object method of MainUtils class
[ 2026-03-10 19:28:56,067 ] 47 root - INFO - Entered the save_object method of MainUtils class
[ 2026-03-10 19:28:56,071 ] 51 root - INFO - Exited the save_object method of MainUtils class
[ 2026-03-10 19:28:56,071 ] 138 root - INFO - Model trainer artifact: ModelTrainerArtifact(trained_model_file_path='Artifacts\\03_10_2026_19_20_09\\model_trainer\\trained_model\\model.pkl', train_metric_artifact=ClassificationMetricArtifact(f1_score=0.9910822861775436, precision_score=0.9896782027929569, recall_score=0.9924903592449766), test_metric_artifact=ClassificationMetricArtifact(f1_score=0.9726247987117552, precision_score=0.9633173843700159, recall_score=0.9821138211382113))
[ 2026-03-10 19:28:56,072 ] 87 root - INFO - Model Training artifact created
