[ 2026-03-03 13:10:34,245 ] 19 root - INFO - Initiate the data ingestion
[ 2026-03-03 13:10:34,270 ] 77 root - INFO - Performed train test split on the dataframe
[ 2026-03-03 13:10:34,270 ] 79 root - INFO - Exited split_data_as_train_test method of Data_Ingestion class
[ 2026-03-03 13:10:34,270 ] 87 root - INFO - Exporting train and test file path.
[ 2026-03-03 13:10:34,317 ] 96 root - INFO - Exported train and test file path.
[ 2026-03-03 13:10:34,317 ] 21 root - INFO - Data Initiation Completed
[ 2026-03-03 13:10:34,317 ] 27 root - INFO - Initiate the data Validation
[ 2026-03-03 13:10:34,341 ] 32 root - INFO - Required number of columns:2
[ 2026-03-03 13:10:34,341 ] 33 root - INFO - Data frame has columns:31
[ 2026-03-03 13:10:34,357 ] 32 root - INFO - Required number of columns:2
[ 2026-03-03 13:10:34,357 ] 33 root - INFO - Data frame has columns:31
[ 2026-03-03 13:10:34,507 ] 29 root - INFO - data Validation Completed
[ 2026-03-03 13:10:34,507 ] 33 root - INFO - data Transformation started
[ 2026-03-03 13:10:34,507 ] 64 root - INFO - Entered initiate_data_transformation method of DataTransformation class
[ 2026-03-03 13:10:34,507 ] 66 root - INFO - Starting data transformation
[ 2026-03-03 13:10:34,548 ] 49 root - INFO - Entered get_data_trnasformer_object method of Trnasformation class
[ 2026-03-03 13:10:34,548 ] 54 root - INFO - Initialise KNNImputer with {'missing_values': nan, 'n_neighbors': 3, 'weights': 'uniform'}
[ 2026-03-03 13:10:34,557 ] 47 root - INFO - Entered the save_object method of MainUtils class
[ 2026-03-03 13:10:34,569 ] 51 root - INFO - Exited the save_object method of MainUtils class
[ 2026-03-03 13:10:34,569 ] 47 root - INFO - Entered the save_object method of MainUtils class
[ 2026-03-03 13:10:34,571 ] 51 root - INFO - Exited the save_object method of MainUtils class
[ 2026-03-03 13:10:34,572 ] 37 root - INFO - data Transformation completed
